# JRE version: OpenJDK Runtime Environment Temurin-17.0.10+7 (17.0.10+7) (build 17.0.10+7)
# Java VM: OpenJDK 64-Bit Server VM Temurin-17.0.10+7 (17.0.10+7, mixed mode, tiered, compressed oops, compressed class ptrs, parallel gc, windows-amd64)
GC Precious Log:
 CPUs: 8 total, 8 available
 Memory: 11969M
 Large Page Support: Disabled
 NUMA Support: Disabled
 Compressed Oops: Enabled (32-bit)
 Alignments: Space 512K, Generation 512K, Heap 2M
 Heap Min Capacity: 100M
 Heap Initial Capacity: 100M
 Heap Max Capacity: 1G
 Pre-touch: Disabled
 Parallel Workers: 8
Heap:
 PSYoungGen      total 14336K, used 5160K [0x00000000eab00000, 0x00000000ebe00000, 0x0000000100000000)
  eden space 10240K, 10% used [0x00000000eab00000,0x00000000eac0b7f0,0x00000000eb500000)
  from space 4096K, 99% used [0x00000000eba00000,0x00000000ebdfe9f0,0x00000000ebe00000)
  to   space 4608K, 0% used [0x00000000eb500000,0x00000000eb500000,0x00000000eb980000)
 ParOldGen       total 699392K, used 78837K [0x00000000c0000000, 0x00000000eab00000, 0x00000000eab00000)
  object space 699392K, 11% used [0x00000000c0000000,0x00000000c4cfd448,0x00000000eab00000)
 Metaspace       used 60213K, committed 61184K, reserved 1114112K
  class space    used 6652K, committed 7040K, reserved 1048576K
GC Heap History (20 events):
Event: 28.123 GC heap before
{Heap before GC invocations=262 (full 226):
 PSYoungGen      total 17408K, used 9728K [0x00000000eab00000, 0x00000000ec400000, 0x0000000100000000)
  eden space 9728K, 100% used [0x00000000eab00000,0x00000000eb480000,0x00000000eb480000)
  from space 7680K, 0% used [0x00000000ebc00000,0x00000000ebc00000,0x00000000ec380000)
  to   space 7680K, 0% used [0x00000000eb480000,0x00000000eb480000,0x00000000ebc00000)
 ParOldGen       total 69120K, used 68871K [0x00000000c0000000, 0x00000000c4380000, 0x00000000eab00000)
  object space 69120K, 99% used [0x00000000c0000000,0x00000000c4341e78,0x00000000c4380000)
 Metaspace       used 60213K, committed 61184K, reserved 1114112K
  class space    used 6652K, committed 7040K, reserved 1048576K
}
Event: 28.190 GC heap after
{Heap after GC invocations=262 (full 226):
 PSYoungGen      total 17408K, used 9727K [0x00000000eab00000, 0x00000000ec400000, 0x0000000100000000)
  eden space 9728K, 99% used [0x00000000eab00000,0x00000000eb47ffe0,0x00000000eb480000)
  from space 7680K, 0% used [0x00000000eb480000,0x00000000eb480000,0x00000000ebc00000)
  to   space 7680K, 0% used [0x00000000ebc00000,0x00000000ebc00000,0x00000000ec380000)
 ParOldGen       total 69120K, used 68871K [0x00000000c0000000, 0x00000000c4380000, 0x00000000eab00000)
  object space 69120K, 99% used [0x00000000c0000000,0x00000000c4341e60,0x00000000c4380000)
 Metaspace       used 60213K, committed 61184K, reserved 1114112K
  class space    used 6652K, committed 7040K, reserved 1048576K
}
Event: 28.190 GC heap before
{Heap before GC invocations=263 (full 227):
 PSYoungGen      total 17408K, used 9728K [0x00000000eab00000, 0x00000000ec400000, 0x0000000100000000)
  eden space 9728K, 100% used [0x00000000eab00000,0x00000000eb480000,0x00000000eb480000)
  from space 7680K, 0% used [0x00000000eb480000,0x00000000eb480000,0x00000000ebc00000)
  to   space 7680K, 0% used [0x00000000ebc00000,0x00000000ebc00000,0x00000000ec380000)
 ParOldGen       total 69120K, used 68871K [0x00000000c0000000, 0x00000000c4380000, 0x00000000eab00000)
  object space 69120K, 99% used [0x00000000c0000000,0x00000000c4341e60,0x00000000c4380000)
 Metaspace       used 60213K, committed 61184K, reserved 1114112K
  class space    used 6652K, committed 7040K, reserved 1048576K
}
Event: 28.254 GC heap after
{Heap after GC invocations=263 (full 227):
 PSYoungGen      total 17408K, used 9727K [0x00000000eab00000, 0x00000000ec400000, 0x0000000100000000)
  eden space 9728K, 99% used [0x00000000eab00000,0x00000000eb47ffe0,0x00000000eb480000)
  from space 7680K, 0% used [0x00000000ebc00000,0x00000000ebc00000,0x00000000ec380000)
  to   space 7680K, 0% used [0x00000000eb480000,0x00000000eb480000,0x00000000ebc00000)
 ParOldGen       total 69120K, used 68871K [0x00000000c0000000, 0x00000000c4380000, 0x00000000eab00000)
  object space 69120K, 99% used [0x00000000c0000000,0x00000000c4341e60,0x00000000c4380000)
 Metaspace       used 60213K, committed 61184K, reserved 1114112K
  class space    used 6652K, committed 7040K, reserved 1048576K
}
Event: 28.255 GC heap before
{Heap before GC invocations=264 (full 228):
 PSYoungGen      total 17408K, used 9727K [0x00000000eab00000, 0x00000000ec400000, 0x0000000100000000)
  eden space 9728K, 99% used [0x00000000eab00000,0x00000000eb47fff8,0x00000000eb480000)
  from space 7680K, 0% used [0x00000000ebc00000,0x00000000ebc00000,0x00000000ec380000)
  to   space 7680K, 0% used [0x00000000eb480000,0x00000000eb480000,0x00000000ebc00000)
 ParOldGen       total 69120K, used 68874K [0x00000000c0000000, 0x00000000c4380000, 0x00000000eab00000)
  object space 69120K, 99% used [0x00000000c0000000,0x00000000c4342b98,0x00000000c4380000)
 Metaspace       used 60213K, committed 61184K, reserved 1114112K
  class space    used 6652K, committed 7040K, reserved 1048576K
}
Event: 28.312 GC heap after
{Heap after GC invocations=264 (full 228):
 PSYoungGen      total 17408K, used 9727K [0x00000000eab00000, 0x00000000ec400000, 0x0000000100000000)
  eden space 9728K, 99% used [0x00000000eab00000,0x00000000eb47ff38,0x00000000eb480000)
  from space 7680K, 0% used [0x00000000eb480000,0x00000000eb480000,0x00000000ebc00000)
  to   space 7680K, 0% used [0x00000000ebc00000,0x00000000ebc00000,0x00000000ec380000)
 ParOldGen       total 69120K, used 68871K [0x00000000c0000000, 0x00000000c4380000, 0x00000000eab00000)
  object space 69120K, 99% used [0x00000000c0000000,0x00000000c4341d98,0x00000000c4380000)
 Metaspace       used 60213K, committed 61184K, reserved 1114112K
  class space    used 6652K, committed 7040K, reserved 1048576K
}
Event: 28.312 GC heap before
{Heap before GC invocations=265 (full 229):
 PSYoungGen      total 17408K, used 9727K [0x00000000eab00000, 0x00000000ec400000, 0x0000000100000000)
  eden space 9728K, 99% used [0x00000000eab00000,0x00000000eb47fff8,0x00000000eb480000)
  from space 7680K, 0% used [0x00000000eb480000,0x00000000eb480000,0x00000000ebc00000)
  to   space 7680K, 0% used [0x00000000ebc00000,0x00000000ebc00000,0x00000000ec380000)
 ParOldGen       total 69120K, used 68871K [0x00000000c0000000, 0x00000000c4380000, 0x00000000eab00000)
  object space 69120K, 99% used [0x00000000c0000000,0x00000000c4341d98,0x00000000c4380000)
 Metaspace       used 60213K, committed 61184K, reserved 1114112K
  class space    used 6652K, committed 7040K, reserved 1048576K
}
Event: 28.366 GC heap after
{Heap after GC invocations=265 (full 229):
 PSYoungGen      total 17408K, used 9727K [0x00000000eab00000, 0x00000000ec400000, 0x0000000100000000)
  eden space 9728K, 99% used [0x00000000eab00000,0x00000000eb47fff8,0x00000000eb480000)
  from space 7680K, 0% used [0x00000000ebc00000,0x00000000ebc00000,0x00000000ec380000)
  to   space 7680K, 0% used [0x00000000eb480000,0x00000000eb480000,0x00000000ebc00000)
 ParOldGen       total 69120K, used 68871K [0x00000000c0000000, 0x00000000c4380000, 0x00000000eab00000)
  object space 69120K, 99% used [0x00000000c0000000,0x00000000c4341d98,0x00000000c4380000)
 Metaspace       used 60213K, committed 61184K, reserved 1114112K
  class space    used 6652K, committed 7040K, reserved 1048576K
}
Event: 28.367 GC heap before
{Heap before GC invocations=266 (full 230):
 PSYoungGen      total 17408K, used 9727K [0x00000000eab00000, 0x00000000ec400000, 0x0000000100000000)
  eden space 9728K, 99% used [0x00000000eab00000,0x00000000eb47fff8,0x00000000eb480000)
  from space 7680K, 0% used [0x00000000ebc00000,0x00000000ebc00000,0x00000000ec380000)
  to   space 7680K, 0% used [0x00000000eb480000,0x00000000eb480000,0x00000000ebc00000)
 ParOldGen       total 69120K, used 68875K [0x00000000c0000000, 0x00000000c4380000, 0x00000000eab00000)
  object space 69120K, 99% used [0x00000000c0000000,0x00000000c4342c80,0x00000000c4380000)
 Metaspace       used 60213K, committed 61184K, reserved 1114112K
  class space    used 6652K, committed 7040K, reserved 1048576K
}
Event: 28.424 GC heap after
{Heap after GC invocations=266 (full 230):
 PSYoungGen      total 17408K, used 9727K [0x00000000eab00000, 0x00000000ec400000, 0x0000000100000000)
  eden space 9728K, 99% used [0x00000000eab00000,0x00000000eb47ff98,0x00000000eb480000)
  from space 7680K, 0% used [0x00000000eb480000,0x00000000eb480000,0x00000000ebc00000)
  to   space 7680K, 0% used [0x00000000ebc00000,0x00000000ebc00000,0x00000000ec380000)
 ParOldGen       total 69120K, used 68871K [0x00000000c0000000, 0x00000000c4380000, 0x00000000eab00000)
  object space 69120K, 99% used [0x00000000c0000000,0x00000000c4341e58,0x00000000c4380000)
 Metaspace       used 60213K, committed 61184K, reserved 1114112K
  class space    used 6652K, committed 7040K, reserved 1048576K
}
Event: 28.424 GC heap before
{Heap before GC invocations=267 (full 231):
 PSYoungGen      total 17408K, used 9727K [0x00000000eab00000, 0x00000000ec400000, 0x0000000100000000)
  eden space 9728K, 99% used [0x00000000eab00000,0x00000000eb47ffe0,0x00000000eb480000)
  from space 7680K, 0% used [0x00000000eb480000,0x00000000eb480000,0x00000000ebc00000)
  to   space 7680K, 0% used [0x00000000ebc00000,0x00000000ebc00000,0x00000000ec380000)
 ParOldGen       total 69120K, used 68871K [0x00000000c0000000, 0x00000000c4380000, 0x00000000eab00000)
  object space 69120K, 99% used [0x00000000c0000000,0x00000000c4341e58,0x00000000c4380000)
 Metaspace       used 60213K, committed 61184K, reserved 1114112K
  class space    used 6652K, committed 7040K, reserved 1048576K
}
Event: 28.478 GC heap after
{Heap after GC invocations=267 (full 231):
 PSYoungGen      total 17408K, used 9727K [0x00000000eab00000, 0x00000000ec400000, 0x0000000100000000)
  eden space 9728K, 99% used [0x00000000eab00000,0x00000000eb47ffe0,0x00000000eb480000)
  from space 7680K, 0% used [0x00000000ebc00000,0x00000000ebc00000,0x00000000ec380000)
  to   space 7680K, 0% used [0x00000000eb480000,0x00000000eb480000,0x00000000ebc00000)
 ParOldGen       total 69120K, used 68871K [0x00000000c0000000, 0x00000000c4380000, 0x00000000eab00000)
  object space 69120K, 99% used [0x00000000c0000000,0x00000000c4341e58,0x00000000c4380000)
 Metaspace       used 60213K, committed 61184K, reserved 1114112K
  class space    used 6652K, committed 7040K, reserved 1048576K
}
Event: 28.478 GC heap before
{Heap before GC invocations=268 (full 232):
 PSYoungGen      total 17408K, used 9728K [0x00000000eab00000, 0x00000000ec400000, 0x0000000100000000)
  eden space 9728K, 100% used [0x00000000eab00000,0x00000000eb480000,0x00000000eb480000)
  from space 7680K, 0% used [0x00000000ebc00000,0x00000000ebc00000,0x00000000ec380000)
  to   space 7680K, 0% used [0x00000000eb480000,0x00000000eb480000,0x00000000ebc00000)
 ParOldGen       total 69120K, used 68912K [0x00000000c0000000, 0x00000000c4380000, 0x00000000eab00000)
  object space 69120K, 99% used [0x00000000c0000000,0x00000000c434c020,0x00000000c4380000)
 Metaspace       used 60213K, committed 61184K, reserved 1114112K
  class space    used 6652K, committed 7040K, reserved 1048576K
}
Event: 28.538 GC heap after
{Heap after GC invocations=268 (full 232):
 PSYoungGen      total 17408K, used 9727K [0x00000000eab00000, 0x00000000ec400000, 0x0000000100000000)
  eden space 9728K, 99% used [0x00000000eab00000,0x00000000eb47ff98,0x00000000eb480000)
  from space 7680K, 0% used [0x00000000eb480000,0x00000000eb480000,0x00000000ebc00000)
  to   space 7680K, 0% used [0x00000000ebc00000,0x00000000ebc00000,0x00000000ec380000)
 ParOldGen       total 69120K, used 68909K [0x00000000c0000000, 0x00000000c4380000, 0x00000000eab00000)
  object space 69120K, 99% used [0x00000000c0000000,0x00000000c434b520,0x00000000c4380000)
 Metaspace       used 60213K, committed 61184K, reserved 1114112K
  class space    used 6652K, committed 7040K, reserved 1048576K
}
Event: 28.538 GC heap before
{Heap before GC invocations=269 (full 233):
 PSYoungGen      total 17408K, used 9727K [0x00000000eab00000, 0x00000000ec400000, 0x0000000100000000)
  eden space 9728K, 99% used [0x00000000eab00000,0x00000000eb47ffe0,0x00000000eb480000)
  from space 7680K, 0% used [0x00000000eb480000,0x00000000eb480000,0x00000000ebc00000)
  to   space 7680K, 0% used [0x00000000ebc00000,0x00000000ebc00000,0x00000000ec380000)
 ParOldGen       total 69120K, used 68909K [0x00000000c0000000, 0x00000000c4380000, 0x00000000eab00000)
  object space 69120K, 99% used [0x00000000c0000000,0x00000000c434b520,0x00000000c4380000)
 Metaspace       used 60213K, committed 61184K, reserved 1114112K
  class space    used 6652K, committed 7040K, reserved 1048576K
}
Event: 28.600 GC heap after
{Heap after GC invocations=269 (full 233):
 PSYoungGen      total 17408K, used 9727K [0x00000000eab00000, 0x00000000ec400000, 0x0000000100000000)
  eden space 9728K, 99% used [0x00000000eab00000,0x00000000eb47ff90,0x00000000eb480000)
  from space 7680K, 0% used [0x00000000ebc00000,0x00000000ebc00000,0x00000000ec380000)
  to   space 7680K, 0% used [0x00000000eb480000,0x00000000eb480000,0x00000000ebc00000)
 ParOldGen       total 69120K, used 68909K [0x00000000c0000000, 0x00000000c4380000, 0x00000000eab00000)
  object space 69120K, 99% used [0x00000000c0000000,0x00000000c434b418,0x00000000c4380000)
 Metaspace       used 60213K, committed 61184K, reserved 1114112K
  class space    used 6652K, committed 7040K, reserved 1048576K
}
Event: 28.601 GC heap before
{Heap before GC invocations=270 (full 234):
 PSYoungGen      total 17408K, used 9727K [0x00000000eab00000, 0x00000000ec400000, 0x0000000100000000)
  eden space 9728K, 99% used [0x00000000eab00000,0x00000000eb47ffd0,0x00000000eb480000)
  from space 7680K, 0% used [0x00000000ebc00000,0x00000000ebc00000,0x00000000ec380000)
  to   space 7680K, 0% used [0x00000000eb480000,0x00000000eb480000,0x00000000ebc00000)
 ParOldGen       total 69120K, used 68909K [0x00000000c0000000, 0x00000000c4380000, 0x00000000eab00000)
  object space 69120K, 99% used [0x00000000c0000000,0x00000000c434b418,0x00000000c4380000)
 Metaspace       used 60213K, committed 61184K, reserved 1114112K
  class space    used 6652K, committed 7040K, reserved 1048576K
}
Event: 28.665 GC heap after
{Heap after GC invocations=270 (full 234):
 PSYoungGen      total 17408K, used 9727K [0x00000000eab00000, 0x00000000ec400000, 0x0000000100000000)
  eden space 9728K, 99% used [0x00000000eab00000,0x00000000eb47ffb0,0x00000000eb480000)
  from space 7680K, 0% used [0x00000000eb480000,0x00000000eb480000,0x00000000ebc00000)
  to   space 7680K, 0% used [0x00000000ebc00000,0x00000000ebc00000,0x00000000ec380000)
 ParOldGen       total 699392K, used 68909K [0x00000000c0000000, 0x00000000eab00000, 0x00000000eab00000)
  object space 699392K, 9% used [0x00000000c0000000,0x00000000c434b418,0x00000000eab00000)
 Metaspace       used 60213K, committed 61184K, reserved 1114112K
  class space    used 6652K, committed 7040K, reserved 1048576K
}
Event: 28.665 GC heap before
{Heap before GC invocations=271 (full 234):
 PSYoungGen      total 17408K, used 9728K [0x00000000eab00000, 0x00000000ec400000, 0x0000000100000000)
  eden space 9728K, 100% used [0x00000000eab00000,0x00000000eb480000,0x00000000eb480000)
  from space 7680K, 0% used [0x00000000eb480000,0x00000000eb480000,0x00000000ebc00000)
  to   space 7680K, 0% used [0x00000000ebc00000,0x00000000ebc00000,0x00000000ec380000)
 ParOldGen       total 699392K, used 68917K [0x00000000c0000000, 0x00000000eab00000, 0x00000000eab00000)
  object space 699392K, 9% used [0x00000000c0000000,0x00000000c434d410,0x00000000eab00000)
 Metaspace       used 60213K, committed 61184K, reserved 1114112K
  class space    used 6652K, committed 7040K, reserved 1048576K
}
Event: 28.673 GC heap after
{Heap after GC invocations=271 (full 234):
 PSYoungGen      total 17408K, used 7648K [0x00000000eab00000, 0x00000000ec400000, 0x0000000100000000)
  eden space 9728K, 0% used [0x00000000eab00000,0x00000000eab00000,0x00000000eb480000)
  from space 7680K, 99% used [0x00000000ebc00000,0x00000000ec3783c8,0x00000000ec380000)
  to   space 7680K, 0% used [0x00000000eb480000,0x00000000eb480000,0x00000000ebc00000)
 ParOldGen       total 699392K, used 71335K [0x00000000c0000000, 0x00000000eab00000, 0x00000000eab00000)
  object space 699392K, 10% used [0x00000000c0000000,0x00000000c45a9ce8,0x00000000eab00000)
 Metaspace       used 60213K, committed 61184K, reserved 1114112K
  class space    used 6652K, committed 7040K, reserved 1048576K
}

