# JRE version: OpenJDK Runtime Environment Microsoft-8902769 (17.0.10+7) (build 17.0.10+7-LTS)
# Java VM: OpenJDK 64-Bit Server VM Microsoft-8902769 (17.0.10+7-LTS, mixed mode, sharing, tiered, compressed oops, compressed class ptrs, g1 gc, windows-amd64)
GC Precious Log:
 CPUs: 8 total, 8 available
 Memory: 11969M
 Large Page Support: Disabled
 NUMA Support: Disabled
 Compressed Oops: Enabled (32-bit)
 Heap Region Size: 1M
 Heap Min Capacity: 8M
 Heap Initial Capacity: 188M
 Heap Max Capacity: 2G
 Pre-touch: Disabled
 Parallel Workers: 8
 Concurrent Workers: 2
 Concurrent Refinement Workers: 8
 Periodic GC: Disabled
Heap:
 garbage-first heap   total 238592K, used 151162K [0x0000000080000000, 0x0000000100000000)
  region size 1024K, 78 young (79872K), 12 survivors (12288K)
 Metaspace       used 122968K, committed 123648K, reserved 557056K
  class space    used 15854K, committed 16128K, reserved 425984K
GC Heap History (20 events):
Event: 37.924 GC heap before
{Heap before GC invocations=26 (full 0):
 garbage-first heap   total 86016K, used 48904K [0x0000000080000000, 0x0000000100000000)
  region size 1024K, 4 young (4096K), 2 survivors (2048K)
 Metaspace       used 73088K, committed 73728K, reserved 491520K
  class space    used 10285K, committed 10560K, reserved 425984K
}
Event: 37.927 GC heap after
{Heap after GC invocations=27 (full 0):
 garbage-first heap   total 86016K, used 46605K [0x0000000080000000, 0x0000000100000000)
  region size 1024K, 1 young (1024K), 1 survivors (1024K)
 Metaspace       used 73088K, committed 73728K, reserved 491520K
  class space    used 10285K, committed 10560K, reserved 425984K
}
Event: 38.313 GC heap before
{Heap before GC invocations=27 (full 0):
 garbage-first heap   total 86016K, used 71181K [0x0000000080000000, 0x0000000100000000)
  region size 1024K, 26 young (26624K), 1 survivors (1024K)
 Metaspace       used 76504K, committed 77184K, reserved 557056K
  class space    used 10728K, committed 11008K, reserved 425984K
}
Event: 38.316 GC heap after
{Heap after GC invocations=28 (full 0):
 garbage-first heap   total 86016K, used 47160K [0x0000000080000000, 0x0000000100000000)
  region size 1024K, 2 young (2048K), 2 survivors (2048K)
 Metaspace       used 76504K, committed 77184K, reserved 557056K
  class space    used 10728K, committed 11008K, reserved 425984K
}
Event: 38.720 GC heap before
{Heap before GC invocations=29 (full 0):
 garbage-first heap   total 87040K, used 70712K [0x0000000080000000, 0x0000000100000000)
  region size 1024K, 26 young (26624K), 2 survivors (2048K)
 Metaspace       used 79657K, committed 80384K, reserved 557056K
  class space    used 11127K, committed 11456K, reserved 425984K
}
Event: 38.723 GC heap after
{Heap after GC invocations=30 (full 0):
 garbage-first heap   total 87040K, used 47718K [0x0000000080000000, 0x0000000100000000)
  region size 1024K, 2 young (2048K), 2 survivors (2048K)
 Metaspace       used 79657K, committed 80384K, reserved 557056K
  class space    used 11127K, committed 11456K, reserved 425984K
}
Event: 38.755 GC heap before
{Heap before GC invocations=30 (full 0):
 garbage-first heap   total 87040K, used 49766K [0x0000000080000000, 0x0000000100000000)
  region size 1024K, 4 young (4096K), 2 survivors (2048K)
 Metaspace       used 79978K, committed 80640K, reserved 557056K
  class space    used 11173K, committed 11456K, reserved 425984K
}
Event: 38.758 GC heap after
{Heap after GC invocations=31 (full 0):
 garbage-first heap   total 87040K, used 47408K [0x0000000080000000, 0x0000000100000000)
  region size 1024K, 1 young (1024K), 1 survivors (1024K)
 Metaspace       used 79978K, committed 80640K, reserved 557056K
  class space    used 11173K, committed 11456K, reserved 425984K
}
Event: 39.137 GC heap before
{Heap before GC invocations=31 (full 0):
 garbage-first heap   total 87040K, used 81200K [0x0000000080000000, 0x0000000100000000)
  region size 1024K, 27 young (27648K), 1 survivors (1024K)
 Metaspace       used 82400K, committed 83136K, reserved 557056K
  class space    used 11452K, committed 11776K, reserved 425984K
}
Event: 39.141 GC heap after
{Heap after GC invocations=32 (full 0):
 garbage-first heap   total 87040K, used 58368K [0x0000000080000000, 0x0000000100000000)
  region size 1024K, 4 young (4096K), 4 survivors (4096K)
 Metaspace       used 82400K, committed 83136K, reserved 557056K
  class space    used 11452K, committed 11776K, reserved 425984K
}
Event: 39.282 GC heap before
{Heap before GC invocations=33 (full 0):
 garbage-first heap   total 114688K, used 72704K [0x0000000080000000, 0x0000000100000000)
  region size 1024K, 18 young (18432K), 4 survivors (4096K)
 Metaspace       used 82508K, committed 83264K, reserved 557056K
  class space    used 11456K, committed 11776K, reserved 425984K
}
Event: 39.299 GC heap after
{Heap after GC invocations=34 (full 0):
 garbage-first heap   total 114688K, used 64660K [0x0000000080000000, 0x0000000100000000)
  region size 1024K, 3 young (3072K), 3 survivors (3072K)
 Metaspace       used 82508K, committed 83264K, reserved 557056K
  class space    used 11456K, committed 11776K, reserved 425984K
}
Event: 39.318 GC heap before
{Heap before GC invocations=34 (full 0):
 garbage-first heap   total 114688K, used 65684K [0x0000000080000000, 0x0000000100000000)
  region size 1024K, 5 young (5120K), 3 survivors (3072K)
 Metaspace       used 82510K, committed 83264K, reserved 557056K
  class space    used 11457K, committed 11776K, reserved 425984K
}
Event: 39.326 GC heap after
{Heap after GC invocations=35 (full 0):
 garbage-first heap   total 238592K, used 65791K [0x0000000080000000, 0x0000000100000000)
  region size 1024K, 1 young (1024K), 1 survivors (1024K)
 Metaspace       used 82510K, committed 83264K, reserved 557056K
  class space    used 11457K, committed 11776K, reserved 425984K
}
Event: 40.999 GC heap before
{Heap before GC invocations=35 (full 0):
 garbage-first heap   total 238592K, used 182527K [0x0000000080000000, 0x0000000100000000)
  region size 1024K, 108 young (110592K), 1 survivors (1024K)
 Metaspace       used 93898K, committed 94592K, reserved 557056K
  class space    used 12632K, committed 12928K, reserved 425984K
}
Event: 41.007 GC heap after
{Heap after GC invocations=36 (full 0):
 garbage-first heap   total 238592K, used 73235K [0x0000000080000000, 0x0000000100000000)
  region size 1024K, 9 young (9216K), 9 survivors (9216K)
 Metaspace       used 93898K, committed 94592K, reserved 557056K
  class space    used 12632K, committed 12928K, reserved 425984K
}
Event: 42.342 GC heap before
{Heap before GC invocations=36 (full 0):
 garbage-first heap   total 238592K, used 180755K [0x0000000080000000, 0x0000000100000000)
  region size 1024K, 113 young (115712K), 9 survivors (9216K)
 Metaspace       used 102612K, committed 103296K, reserved 557056K
  class space    used 13688K, committed 14016K, reserved 425984K
}
Event: 42.356 GC heap after
{Heap after GC invocations=37 (full 0):
 garbage-first heap   total 238592K, used 79143K [0x0000000080000000, 0x0000000100000000)
  region size 1024K, 13 young (13312K), 13 survivors (13312K)
 Metaspace       used 102612K, committed 103296K, reserved 557056K
  class space    used 13688K, committed 14016K, reserved 425984K
}
Event: 44.229 GC heap before
{Heap before GC invocations=37 (full 0):
 garbage-first heap   total 238592K, used 184615K [0x0000000080000000, 0x0000000100000000)
  region size 1024K, 116 young (118784K), 13 survivors (13312K)
 Metaspace       used 113356K, committed 113984K, reserved 557056K
  class space    used 14875K, committed 15168K, reserved 425984K
}
Event: 44.241 GC heap after
{Heap after GC invocations=38 (full 0):
 garbage-first heap   total 238592K, used 84602K [0x0000000080000000, 0x0000000100000000)
  region size 1024K, 12 young (12288K), 12 survivors (12288K)
 Metaspace       used 113356K, committed 113984K, reserved 557056K
  class space    used 14875K, committed 15168K, reserved 425984K
}

