# JRE version: OpenJDK Runtime Environment Microsoft-8902769 (17.0.10+7) (build 17.0.10+7-LTS)
# Java VM: OpenJDK 64-Bit Server VM Microsoft-8902769 (17.0.10+7-LTS, mixed mode, sharing, tiered, compressed oops, compressed class ptrs, g1 gc, windows-amd64)
GC Precious Log:
 CPUs: 8 total, 8 available
 Memory: 11969M
 Large Page Support: Disabled
 NUMA Support: Disabled
 Compressed Oops: Enabled (32-bit)
 Heap Region Size: 1M
 Heap Min Capacity: 8M
 Heap Initial Capacity: 188M
 Heap Max Capacity: 2G
 Pre-touch: Disabled
 Parallel Workers: 8
 Concurrent Workers: 2
 Concurrent Refinement Workers: 8
 Periodic GC: Disabled
Heap:
 garbage-first heap   total 81920K, used 47288K [0x0000000080000000, 0x0000000100000000)
  region size 1024K, 16 young (16384K), 4 survivors (4096K)
 Metaspace       used 44904K, committed 45376K, reserved 491520K
  class space    used 6300K, committed 6528K, reserved 425984K
GC Heap History (20 events):
Event: 1.556 GC heap before
{Heap before GC invocations=0 (full 0):
 garbage-first heap   total 192512K, used 26624K [0x0000000080000000, 0x0000000100000000)
  region size 1024K, 23 young (23552K), 0 survivors (0K)
 Metaspace       used 2978K, committed 3136K, reserved 491520K
  class space    used 378K, committed 448K, reserved 425984K
}
Event: 1.565 GC heap after
{Heap after GC invocations=1 (full 0):
 garbage-first heap   total 192512K, used 10565K [0x0000000080000000, 0x0000000100000000)
  region size 1024K, 3 young (3072K), 3 survivors (3072K)
 Metaspace       used 2978K, committed 3136K, reserved 491520K
  class space    used 378K, committed 448K, reserved 425984K
}
Event: 2.779 GC heap before
{Heap before GC invocations=1 (full 0):
 garbage-first heap   total 192512K, used 36165K [0x0000000080000000, 0x0000000100000000)
  region size 1024K, 28 young (28672K), 3 survivors (3072K)
 Metaspace       used 4008K, committed 4160K, reserved 491520K
  class space    used 489K, committed 576K, reserved 425984K
}
Event: 2.786 GC heap after
{Heap after GC invocations=2 (full 0):
 garbage-first heap   total 192512K, used 11410K [0x0000000080000000, 0x0000000100000000)
  region size 1024K, 1 young (1024K), 1 survivors (1024K)
 Metaspace       used 4008K, committed 4160K, reserved 491520K
  class space    used 489K, committed 576K, reserved 425984K
}
Event: 7.295 GC heap before
{Heap before GC invocations=2 (full 0):
 garbage-first heap   total 192512K, used 110738K [0x0000000080000000, 0x0000000100000000)
  region size 1024K, 98 young (100352K), 1 survivors (1024K)
 Metaspace       used 17900K, committed 18176K, reserved 491520K
  class space    used 2595K, committed 2752K, reserved 425984K
}
Event: 7.311 GC heap after
{Heap after GC invocations=3 (full 0):
 garbage-first heap   total 192512K, used 21283K [0x0000000080000000, 0x0000000100000000)
  region size 1024K, 11 young (11264K), 11 survivors (11264K)
 Metaspace       used 17900K, committed 18176K, reserved 491520K
  class space    used 2595K, committed 2752K, reserved 425984K
}
Event: 8.357 GC heap before
{Heap before GC invocations=3 (full 0):
 garbage-first heap   total 192512K, used 47907K [0x0000000080000000, 0x0000000100000000)
  region size 1024K, 38 young (38912K), 11 survivors (11264K)
 Metaspace       used 21262K, committed 21504K, reserved 491520K
  class space    used 3129K, committed 3264K, reserved 425984K
}
Event: 8.370 GC heap after
{Heap after GC invocations=4 (full 0):
 garbage-first heap   total 192512K, used 23086K [0x0000000080000000, 0x0000000100000000)
  region size 1024K, 2 young (2048K), 2 survivors (2048K)
 Metaspace       used 21262K, committed 21504K, reserved 491520K
  class space    used 3129K, committed 3264K, reserved 425984K
}
Event: 10.470 GC heap before
{Heap before GC invocations=5 (full 0):
 garbage-first heap   total 81920K, used 69166K [0x0000000080000000, 0x0000000100000000)
  region size 1024K, 48 young (49152K), 2 survivors (2048K)
 Metaspace       used 29399K, committed 29760K, reserved 491520K
  class space    used 4181K, committed 4352K, reserved 425984K
}
Event: 10.478 GC heap after
{Heap after GC invocations=6 (full 0):
 garbage-first heap   total 81920K, used 26572K [0x0000000080000000, 0x0000000100000000)
  region size 1024K, 6 young (6144K), 6 survivors (6144K)
 Metaspace       used 29399K, committed 29760K, reserved 491520K
  class space    used 4181K, committed 4352K, reserved 425984K
}
Event: 11.516 GC heap before
{Heap before GC invocations=6 (full 0):
 garbage-first heap   total 81920K, used 60364K [0x0000000080000000, 0x0000000100000000)
  region size 1024K, 40 young (40960K), 6 survivors (6144K)
 Metaspace       used 32784K, committed 33152K, reserved 491520K
  class space    used 4673K, committed 4864K, reserved 425984K
}
Event: 11.527 GC heap after
{Heap after GC invocations=7 (full 0):
 garbage-first heap   total 81920K, used 29635K [0x0000000080000000, 0x0000000100000000)
  region size 1024K, 4 young (4096K), 4 survivors (4096K)
 Metaspace       used 32784K, committed 33152K, reserved 491520K
  class space    used 4673K, committed 4864K, reserved 425984K
}
Event: 12.909 GC heap before
{Heap before GC invocations=7 (full 0):
 garbage-first heap   total 81920K, used 55235K [0x0000000080000000, 0x0000000100000000)
  region size 1024K, 31 young (31744K), 4 survivors (4096K)
 Metaspace       used 35785K, committed 36096K, reserved 491520K
  class space    used 5079K, committed 5248K, reserved 425984K
}
Event: 12.917 GC heap after
{Heap after GC invocations=8 (full 0):
 garbage-first heap   total 81920K, used 30744K [0x0000000080000000, 0x0000000100000000)
  region size 1024K, 3 young (3072K), 3 survivors (3072K)
 Metaspace       used 35785K, committed 36096K, reserved 491520K
  class space    used 5079K, committed 5248K, reserved 425984K
}
Event: 14.304 GC heap before
{Heap before GC invocations=9 (full 0):
 garbage-first heap   total 81920K, used 66584K [0x0000000080000000, 0x0000000100000000)
  region size 1024K, 34 young (34816K), 3 survivors (3072K)
 Metaspace       used 39565K, committed 40000K, reserved 491520K
  class space    used 5464K, committed 5696K, reserved 425984K
}
Event: 14.310 GC heap after
{Heap after GC invocations=10 (full 0):
 garbage-first heap   total 81920K, used 32913K [0x0000000080000000, 0x0000000100000000)
  region size 1024K, 5 young (5120K), 5 survivors (5120K)
 Metaspace       used 39565K, committed 40000K, reserved 491520K
  class space    used 5464K, committed 5696K, reserved 425984K
}
Event: 18.370 GC heap before
{Heap before GC invocations=10 (full 0):
 garbage-first heap   total 81920K, used 61585K [0x0000000080000000, 0x0000000100000000)
  region size 1024K, 34 young (34816K), 5 survivors (5120K)
 Metaspace       used 41684K, committed 42176K, reserved 491520K
  class space    used 5780K, committed 6016K, reserved 425984K
}
Event: 18.380 GC heap after
{Heap after GC invocations=11 (full 0):
 garbage-first heap   total 81920K, used 35176K [0x0000000080000000, 0x0000000100000000)
  region size 1024K, 5 young (5120K), 5 survivors (5120K)
 Metaspace       used 41684K, committed 42176K, reserved 491520K
  class space    used 5780K, committed 6016K, reserved 425984K
}
Event: 19.150 GC heap before
{Heap before GC invocations=11 (full 0):
 garbage-first heap   total 81920K, used 63848K [0x0000000080000000, 0x0000000100000000)
  region size 1024K, 33 young (33792K), 5 survivors (5120K)
 Metaspace       used 43515K, committed 43968K, reserved 491520K
  class space    used 6053K, committed 6272K, reserved 425984K
}
Event: 19.158 GC heap after
{Heap after GC invocations=12 (full 0):
 garbage-first heap   total 81920K, used 36024K [0x0000000080000000, 0x0000000100000000)
  region size 1024K, 4 young (4096K), 4 survivors (4096K)
 Metaspace       used 43515K, committed 43968K, reserved 491520K
  class space    used 6053K, committed 6272K, reserved 425984K
}

